PHPUnit 10.5.63 by Sebastian Bergmann and contributors.

Runtime:       PHP 8.2.12
Configuration: C:\xampp\htdocs\comexamesul\phpunit.xml

.EEF                                                                4 / 4 (100%)

Time: 00:00.030, Memory: 8.00 MB

There were 2 errors:

1) Tests\Unit\Services\AllocationServiceTest::test_can_assign_vigilante_valid
PDOException: SQLSTATE[HY000]: General error: 1 no such column: phone

C:\xampp\htdocs\comexamesul\app\Models\BaseModel.php:24
C:\xampp\htdocs\comexamesul\app\Services\AllocationService.php:47
C:\xampp\htdocs\comexamesul\tests\Unit\Services\AllocationServiceTest.php:43

2) Tests\Unit\Services\AllocationServiceTest::test_cannot_assign_vigilante_if_capacity_full
PDOException: SQLSTATE[HY000]: General error: 1 no such column: phone

C:\xampp\htdocs\comexamesul\app\Models\BaseModel.php:24
C:\xampp\htdocs\comexamesul\app\Services\AllocationService.php:47
C:\xampp\htdocs\comexamesul\tests\Unit\Services\AllocationServiceTest.php:77

--

There was 1 failure:

1) Tests\Unit\Services\AllocationServiceTest::test_auto_allocate_jury
Failed asserting that false is true.

C:\xampp\htdocs\comexamesul\tests\Unit\Services\AllocationServiceTest.php:105

ERRORS!
Tests: 4, Assertions: 2, Errors: 2, Failures: 1, PHPUnit Deprecations: 1.
